[1637027675.381][INFO]: Starting ChromeDriver 95.0.4638.54 (d31a821ec901f68d0d34ccdbaea45b4c86ce543e-refs/branch-heads/4638@{#871}) on port 40301
[1637027675.381][INFO]: Please see https://chromedriver.chromium.org/security-considerations for suggestions on keeping ChromeDriver safe.
[1637027675.665][INFO]: [048d0fc86ffc651547e283d66e6bb1e3] COMMAND InitSession {
   "capabilities": {
      "firstMatch": [ {
         "browserName": "chrome",
         "goog:chromeOptions": {
            "args": [ "--headless", "--ignore-certificate-errors", "--incongnito" ],
            "extensions": [  ]
         }
      } ]
   },
   "desiredCapabilities": {
      "browserName": "chrome",
      "goog:chromeOptions": {
         "args": [ "--headless", "--ignore-certificate-errors", "--incongnito" ],
         "extensions": [  ]
      }
   }
}
[1637027675.666][INFO]: Populating Preferences file: {
   "alternate_error_pages": {
      "enabled": false
   },
   "autofill": {
      "enabled": false
   },
   "browser": {
      "check_default_browser": false
   },
   "distribution": {
      "import_bookmarks": false,
      "import_history": false,
      "import_search_engine": false,
      "make_chrome_default_for_user": false,
      "skip_first_run_ui": true
   },
   "dns_prefetching": {
      "enabled": false
   },
   "profile": {
      "content_settings": {
         "pattern_pairs": {
            "https://*,*": {
               "media-stream": {
                  "audio": "Default",
                  "video": "Default"
               }
            }
         }
      },
      "default_content_setting_values": {
         "geolocation": 1
      },
      "default_content_settings": {
         "geolocation": 1,
         "mouselock": 1,
         "notifications": 1,
         "popups": 1,
         "ppapi-broker": 1
      },
      "password_manager_enabled": false
   },
   "safebrowsing": {
      "enabled": false
   },
   "search": {
      "suggest_enabled": false
   },
   "translate": {
      "enabled": false
   }
}
[1637027675.666][INFO]: Populating Local State file: {
   "background_mode": {
      "enabled": false
   },
   "ssl": {
      "rev_checking": {
         "enabled": false
      }
   }
}
[1637027675.666][INFO]: Launching chrome: /usr/bin/google-chrome --allow-pre-commit-input --disable-background-networking --disable-client-side-phishing-detection --disable-default-apps --disable-hang-monitor --disable-popup-blocking --disable-prompt-on-repost --disable-sync --enable-automation --enable-blink-features=ShadowDOMV0 --enable-logging --headless --ignore-certificate-errors --incongnito --log-level=0 --no-first-run --no-service-autorun --password-store=basic --remote-debugging-port=0 --test-type=webdriver --use-mock-keychain --user-data-dir=/tmp/.com.google.Chrome.tPQ022 data:,

DevTools listening on ws://127.0.0.1:35207/devtools/browser/0667385e-7e82-47b4-b61b-3179e2c9e6f7
[1637027675.718][DEBUG]: DevTools HTTP Request: http://localhost:35207/json/version
[1115/205435.717985:ERROR:gpu_init.cc(453)] Passthrough is not supported, GL is swiftshader, ANGLE is 
[1637027675.725][DEBUG]: DevTools HTTP Response: {
   "Browser": "HeadlessChrome/95.0.4638.69",
   "Protocol-Version": "1.3",
   "User-Agent": "Mozilla/5.0 (X11; Linux x86_64) AppleWebKit/537.36 (KHTML, like Gecko) HeadlessChrome/95.0.4638.69 Safari/537.36",
   "V8-Version": "9.5.172.25",
   "WebKit-Version": "537.36 (@6a1600ed572fedecd573b6c2b90a22fe6392a410)",
   "webSocketDebuggerUrl": "ws://localhost:35207/devtools/browser/0667385e-7e82-47b4-b61b-3179e2c9e6f7"
}

[1637027675.725][DEBUG]: DevTools HTTP Request: http://localhost:35207/json/list
[1637027675.731][DEBUG]: DevTools HTTP Response: [ {
   "description": "",
   "devtoolsFrontendUrl": "/devtools/inspector.html?ws=localhost:35207/devtools/page/FA7B8B5DC976055B1E6C1C8882DBE116",
   "id": "FA7B8B5DC976055B1E6C1C8882DBE116",
   "title": "",
   "type": "page",
   "url": "data:,",
   "webSocketDebuggerUrl": "ws://localhost:35207/devtools/page/FA7B8B5DC976055B1E6C1C8882DBE116"
} ]

[1637027675.731][DEBUG]: DevTools HTTP Request: http://localhost:35207/json/list
[1637027675.733][DEBUG]: DevTools HTTP Response: [ {
   "description": "",
   "devtoolsFrontendUrl": "/devtools/inspector.html?ws=localhost:35207/devtools/page/FA7B8B5DC976055B1E6C1C8882DBE116",
   "id": "FA7B8B5DC976055B1E6C1C8882DBE116",
   "title": "",
   "type": "page",
   "url": "data:,",
   "webSocketDebuggerUrl": "ws://localhost:35207/devtools/page/FA7B8B5DC976055B1E6C1C8882DBE116"
} ]

[1637027675.734][INFO]: resolved localhost to ["127.0.0.1"]
[1637027675.735][DEBUG]: DevTools WebSocket Command: Page.addScriptToEvaluateOnNewDocument (id=1) FA7B8B5DC976055B1E6C1C8882DBE116 {
   "source": "(function () {window.cdc_adoQpoasnfa76pfcZLmcfl_Array = window.Array;window.cdc_adoQpoasnfa76pfcZLmcfl_Promise = window.Promise;window.cdc_adoQpoasnfa76pfcZLmcfl_Symbol = window.Symbol;}) ();"
}
[1637027675.735][DEBUG]: DevTools WebSocket Command: Runtime.evaluate (id=2) FA7B8B5DC976055B1E6C1C8882DBE116 {
   "expression": "(function () {window.cdc_adoQpoasnfa76pfcZLmcfl_Array = window.Array;window.cdc_adoQpoasnfa76pfcZLmcfl_Promise = window.Promise;window.cdc_adoQpoasnfa76pfcZLmcfl_Symbol = window.Symbol;}) ();"
}
[1637027675.735][DEBUG]: DevTools WebSocket Command: Log.enable (id=3) FA7B8B5DC976055B1E6C1C8882DBE116 {

}
[1637027675.735][DEBUG]: DevTools WebSocket Command: DOM.getDocument (id=4) FA7B8B5DC976055B1E6C1C8882DBE116 {

}
[1637027675.735][DEBUG]: DevTools WebSocket Command: Target.setAutoAttach (id=5) FA7B8B5DC976055B1E6C1C8882DBE116 {
   "autoAttach": true,
   "flatten": true,
   "waitForDebuggerOnStart": false
}
[1637027675.735][DEBUG]: DevTools WebSocket Command: Page.enable (id=6) FA7B8B5DC976055B1E6C1C8882DBE116 {

}
[1637027675.735][DEBUG]: DevTools WebSocket Command: Browser.setDownloadBehavior (id=7) FA7B8B5DC976055B1E6C1C8882DBE116 {
   "behavior": "allow",
   "downloadPath": "."
}
[1637027675.736][DEBUG]: DevTools WebSocket Command: Page.enable (id=8) FA7B8B5DC976055B1E6C1C8882DBE116 {

}
[1637027675.736][DEBUG]: DevTools WebSocket Response: Target.setAutoAttach (id=5) FA7B8B5DC976055B1E6C1C8882DBE116 {

}
[1637027675.736][DEBUG]: DevTools WebSocket Response: Browser.setDownloadBehavior (id=7) FA7B8B5DC976055B1E6C1C8882DBE116 {

}
[1637027675.749][DEBUG]: DevTools WebSocket Response: Page.addScriptToEvaluateOnNewDocument (id=1) FA7B8B5DC976055B1E6C1C8882DBE116 {
   "identifier": "1"
}
[1637027675.751][DEBUG]: DevTools WebSocket Response: Runtime.evaluate (id=2) FA7B8B5DC976055B1E6C1C8882DBE116 {
   "result": {
      "type": "undefined"
   }
}
[1637027675.751][DEBUG]: DevTools WebSocket Response: Log.enable (id=3) FA7B8B5DC976055B1E6C1C8882DBE116 {

}
[1637027675.753][DEBUG]: DevTools WebSocket Response: DOM.getDocument (id=4) FA7B8B5DC976055B1E6C1C8882DBE116 {
   "root": {
      "backendNodeId": 1,
      "baseURL": "about:blank",
      "childNodeCount": 1,
      "children": [ {
         "attributes": [  ],
         "backendNodeId": 2,
         "childNodeCount": 2,
         "children": [ {
            "attributes": [  ],
            "backendNodeId": 3,
            "childNodeCount": 0,
            "localName": "head",
            "nodeId": 3,
            "nodeName": "HEAD",
            "nodeType": 1,
            "nodeValue": "",
            "parentId": 2
         }, {
            "attributes": [  ],
            "backendNodeId": 4,
            "childNodeCount": 0,
            "localName": "body",
            "nodeId": 4,
            "nodeName": "BODY",
            "nodeType": 1,
            "nodeValue": "",
            "parentId": 2
         } ],
         "frameId": "FA7B8B5DC976055B1E6C1C8882DBE116",
         "localName": "html",
         "nodeId": 2,
         "nodeName": "HTML",
         "nodeType": 1,
         "nodeValue": "",
         "parentId": 1
      } ],
      "compatibilityMode": "QuirksMode",
      "documentURL": "",
      "localName": "",
      "nodeId": 1,
      "nodeName": "#document",
      "nodeType": 9,
      "nodeValue": "",
      "xmlVersion": ""
   }
}
[1637027675.753][DEBUG]: DevTools WebSocket Response: Page.enable (id=6) FA7B8B5DC976055B1E6C1C8882DBE116 {

}
[1637027675.753][DEBUG]: DevTools WebSocket Response: Page.enable (id=8) FA7B8B5DC976055B1E6C1C8882DBE116 {

}
[1637027675.753][DEBUG]: DevTools WebSocket Command: Runtime.enable (id=9) FA7B8B5DC976055B1E6C1C8882DBE116 {

}
[1637027675.753][DEBUG]: DevTools WebSocket Event: Page.frameStartedLoading FA7B8B5DC976055B1E6C1C8882DBE116 {
   "frameId": "FA7B8B5DC976055B1E6C1C8882DBE116"
}
[1637027675.754][DEBUG]: DevTools WebSocket Event: Page.frameNavigated FA7B8B5DC976055B1E6C1C8882DBE116 {
   "frame": {
      "adFrameStatus": {
         "adFrameType": "none"
      },
      "crossOriginIsolatedContextType": "NotIsolated",
      "domainAndRegistry": "",
      "gatedAPIFeatures": [  ],
      "id": "FA7B8B5DC976055B1E6C1C8882DBE116",
      "loaderId": "8F9C3F3469C188D4551A443FBB913C51",
      "mimeType": "text/plain",
      "secureContextType": "InsecureScheme",
      "securityOrigin": "://",
      "url": "data:,"
   },
   "type": "Navigation"
}
[1637027675.754][DEBUG]: DevTools WebSocket Event: DOM.documentUpdated FA7B8B5DC976055B1E6C1C8882DBE116 {

}
[1637027675.754][DEBUG]: DevTools WebSocket Command: DOM.getDocument (id=10) FA7B8B5DC976055B1E6C1C8882DBE116 {

}
[1637027675.755][DEBUG]: DevTools WebSocket Event: Runtime.executionContextCreated FA7B8B5DC976055B1E6C1C8882DBE116 {
   "context": {
      "auxData": {
         "frameId": "FA7B8B5DC976055B1E6C1C8882DBE116",
         "isDefault": true,
         "type": "default"
      },
      "id": 2,
      "name": "",
      "origin": "://",
      "uniqueId": "-8621853351269495.1576733133543796483"
   }
}
[1637027675.755][DEBUG]: DevTools WebSocket Response: Runtime.enable (id=9) FA7B8B5DC976055B1E6C1C8882DBE116 {

}
[1637027675.755][DEBUG]: DevTools WebSocket Command: Page.enable (id=11) FA7B8B5DC976055B1E6C1C8882DBE116 {

}
[1637027675.756][DEBUG]: DevTools WebSocket Event: Page.loadEventFired FA7B8B5DC976055B1E6C1C8882DBE116 {
   "timestamp": 4001.773313
}
[1637027675.756][DEBUG]: DevTools WebSocket Command: Runtime.evaluate (id=12) FA7B8B5DC976055B1E6C1C8882DBE116 {
   "awaitPromise": false,
   "expression": "document.readyState",
   "returnByValue": true
}
[1637027675.756][DEBUG]: DevTools WebSocket Event: Page.frameStoppedLoading FA7B8B5DC976055B1E6C1C8882DBE116 {
   "frameId": "FA7B8B5DC976055B1E6C1C8882DBE116"
}
[1637027675.756][DEBUG]: DevTools WebSocket Event: DOM.documentUpdated FA7B8B5DC976055B1E6C1C8882DBE116 {

}
[1637027675.756][DEBUG]: DevTools WebSocket Command: DOM.getDocument (id=13) FA7B8B5DC976055B1E6C1C8882DBE116 {

}
[1637027675.756][DEBUG]: DevTools WebSocket Event: Page.domContentEventFired FA7B8B5DC976055B1E6C1C8882DBE116 {
   "timestamp": 4001.773755
}
[1637027675.756][DEBUG]: DevTools WebSocket Response: DOM.getDocument (id=10) FA7B8B5DC976055B1E6C1C8882DBE116 {
   "root": {
      "backendNodeId": 5,
      "baseURL": "data:,",
      "childNodeCount": 1,
      "children": [ {
         "attributes": [  ],
         "backendNodeId": 6,
         "childNodeCount": 2,
         "children": [ {
            "attributes": [  ],
            "backendNodeId": 7,
            "childNodeCount": 0,
            "localName": "head",
            "nodeId": 7,
            "nodeName": "HEAD",
            "nodeType": 1,
            "nodeValue": "",
            "parentId": 6
         }, {
            "attributes": [  ],
            "backendNodeId": 8,
            "childNodeCount": 0,
            "localName": "body",
            "nodeId": 8,
            "nodeName": "BODY",
            "nodeType": 1,
            "nodeValue": "",
            "parentId": 6
         } ],
         "frameId": "FA7B8B5DC976055B1E6C1C8882DBE116",
         "localName": "html",
         "nodeId": 6,
         "nodeName": "HTML",
         "nodeType": 1,
         "nodeValue": "",
         "parentId": 5
      } ],
      "compatibilityMode": "NoQuirksMode",
      "documentURL": "data:,",
      "localName": "",
      "nodeId": 5,
      "nodeName": "#document",
      "nodeType": 9,
      "nodeValue": "",
      "xmlVersion": ""
   }
}
[1637027675.756][DEBUG]: DevTools WebSocket Response: Page.enable (id=11) FA7B8B5DC976055B1E6C1C8882DBE116 {

}
[1637027675.757][DEBUG]: DevTools WebSocket Response: Runtime.evaluate (id=12) FA7B8B5DC976055B1E6C1C8882DBE116 {
   "result": {
      "type": "string",
      "value": "complete"
   }
}
[1637027675.757][DEBUG]: DevTools WebSocket Command: Runtime.enable (id=14) FA7B8B5DC976055B1E6C1C8882DBE116 {

}
[1637027675.758][DEBUG]: DevTools WebSocket Response: DOM.getDocument (id=13) FA7B8B5DC976055B1E6C1C8882DBE116 {
   "root": {
      "backendNodeId": 5,
      "baseURL": "data:,",
      "childNodeCount": 1,
      "children": [ {
         "attributes": [  ],
         "backendNodeId": 6,
         "childNodeCount": 2,
         "children": [ {
            "attributes": [  ],
            "backendNodeId": 7,
            "childNodeCount": 0,
            "localName": "head",
            "nodeId": 11,
            "nodeName": "HEAD",
            "nodeType": 1,
            "nodeValue": "",
            "parentId": 10
         }, {
            "attributes": [  ],
            "backendNodeId": 8,
            "childNodeCount": 0,
            "localName": "body",
            "nodeId": 12,
            "nodeName": "BODY",
            "nodeType": 1,
            "nodeValue": "",
            "parentId": 10
         } ],
         "frameId": "FA7B8B5DC976055B1E6C1C8882DBE116",
         "localName": "html",
         "nodeId": 10,
         "nodeName": "HTML",
         "nodeType": 1,
         "nodeValue": "",
         "parentId": 9
      } ],
      "compatibilityMode": "NoQuirksMode",
      "documentURL": "data:,",
      "localName": "",
      "nodeId": 9,
      "nodeName": "#document",
      "nodeType": 9,
      "nodeValue": "",
      "xmlVersion": ""
   }
}
[1637027675.758][DEBUG]: DevTools WebSocket Response: Runtime.enable (id=14) FA7B8B5DC976055B1E6C1C8882DBE116 {

}
[1637027675.758][DEBUG]: DevTools WebSocket Command: Runtime.evaluate (id=15) FA7B8B5DC976055B1E6C1C8882DBE116 {
   "awaitPromise": true,
   "expression": "(function() { // Copyright (c) 2012 The Chromium Authors. All rights reserved.\n// Use of this source code is governed by a BSD-style license that can be\n// found in the LICENSE file.\n\n/**\n * Enum f...",
   "returnByValue": true
}
[1637027675.760][DEBUG]: DevTools WebSocket Response: Runtime.evaluate (id=15) FA7B8B5DC976055B1E6C1C8882DBE116 {
   "result": {
      "type": "object",
      "value": {
         "status": 0,
         "value": 1
      }
   }
}
[1637027675.760][INFO]: [048d0fc86ffc651547e283d66e6bb1e3] RESPONSE InitSession {
   "capabilities": {
      "acceptInsecureCerts": false,
      "browserName": "chrome",
      "browserVersion": "95.0.4638.69",
      "chrome": {
         "chromedriverVersion": "95.0.4638.54 (d31a821ec901f68d0d34ccdbaea45b4c86ce543e-refs/branch-heads/4638@{#871})",
         "userDataDir": "/tmp/.com.google.Chrome.tPQ022"
      },
      "goog:chromeOptions": {
         "debuggerAddress": "localhost:35207"
      },
      "networkConnectionEnabled": false,
      "pageLoadStrategy": "normal",
      "platformName": "linux",
      "proxy": {

      },
      "setWindowRect": true,
      "strictFileInteractability": false,
      "timeouts": {
         "implicit": 0,
         "pageLoad": 300000,
         "script": 30000
      },
      "unhandledPromptBehavior": "dismiss and notify",
      "webauthn:extension:credBlob": true,
      "webauthn:extension:largeBlob": true,
      "webauthn:virtualAuthenticators": true
   },
   "sessionId": "048d0fc86ffc651547e283d66e6bb1e3"
}
[1637027675.955][INFO]: [048d0fc86ffc651547e283d66e6bb1e3] COMMAND MaximizeWindow {

}
[1637027675.957][INFO]: Waiting for pending navigations...
[1637027675.957][DEBUG]: DevTools WebSocket Command: Runtime.evaluate (id=16) FA7B8B5DC976055B1E6C1C8882DBE116 {
   "expression": "1"
}
[1637027675.958][DEBUG]: DevTools WebSocket Response: Runtime.evaluate (id=16) FA7B8B5DC976055B1E6C1C8882DBE116 {
   "result": {
      "description": "1",
      "type": "number",
      "value": 1
   }
}
[1637027675.958][INFO]: Done waiting for pending navigations. Status: ok
[1637027675.958][INFO]: resolved localhost to ["127.0.0.1"]
[1637027675.958][DEBUG]: DevTools WebSocket Command: Browser.getWindowForTarget (id=1) browser {
   "targetId": "FA7B8B5DC976055B1E6C1C8882DBE116"
}
[1637027675.959][DEBUG]: DevTools WebSocket Response: Browser.getWindowForTarget (id=1) browser {
   "bounds": {
      "height": 600,
      "left": 0,
      "top": 0,
      "width": 800,
      "windowState": "normal"
   },
   "windowId": 1
}
[1637027675.959][DEBUG]: DevTools WebSocket Command: Browser.setWindowBounds (id=2) browser {
   "bounds": {
      "windowState": "maximized"
   },
   "windowId": 1
}
[1637027675.959][DEBUG]: DevTools WebSocket Response: Browser.setWindowBounds (id=2) browser {

}
[1637027676.060][DEBUG]: DevTools WebSocket Command: Browser.getWindowBounds (id=3) browser {
   "windowId": 1
}
[1637027676.060][DEBUG]: DevTools WebSocket Response: Browser.getWindowBounds (id=3) browser {
   "bounds": {
      "height": 600,
      "left": 0,
      "top": 0,
      "width": 800,
      "windowState": "maximized"
   }
}
[1637027676.061][DEBUG]: DevTools WebSocket Command: Browser.getWindowForTarget (id=4) browser {
   "targetId": "FA7B8B5DC976055B1E6C1C8882DBE116"
}
[1637027676.061][DEBUG]: DevTools WebSocket Response: Browser.getWindowForTarget (id=4) browser {
   "bounds": {
      "height": 600,
      "left": 0,
      "top": 0,
      "width": 800,
      "windowState": "maximized"
   },
   "windowId": 1
}
[1637027676.061][INFO]: Waiting for pending navigations...
[1637027676.061][DEBUG]: DevTools WebSocket Command: Runtime.evaluate (id=17) FA7B8B5DC976055B1E6C1C8882DBE116 {
   "expression": "1"
}
[1637027676.062][DEBUG]: DevTools WebSocket Response: Runtime.evaluate (id=17) FA7B8B5DC976055B1E6C1C8882DBE116 {
   "result": {
      "description": "1",
      "type": "number",
      "value": 1
   }
}
[1637027676.062][INFO]: Done waiting for pending navigations. Status: ok
[1637027676.062][INFO]: [048d0fc86ffc651547e283d66e6bb1e3] RESPONSE MaximizeWindow {
   "height": 600,
   "width": 800,
   "x": 0,
   "y": 0
}
[1637027676.068][INFO]: [048d0fc86ffc651547e283d66e6bb1e3] COMMAND Navigate {
   "url": "file:///home/automationtester/git/Selenium4/webPage/UI_Testing.htm"
}
[1637027676.068][INFO]: Waiting for pending navigations...
[1637027676.068][DEBUG]: DevTools WebSocket Command: Runtime.evaluate (id=18) FA7B8B5DC976055B1E6C1C8882DBE116 {
   "expression": "1"
}
[1637027676.069][DEBUG]: DevTools WebSocket Response: Runtime.evaluate (id=18) FA7B8B5DC976055B1E6C1C8882DBE116 {
   "result": {
      "description": "1",
      "type": "number",
      "value": 1
   }
}
[1637027676.069][INFO]: Done waiting for pending navigations. Status: ok
[1637027676.069][DEBUG]: DevTools WebSocket Command: Page.navigate (id=19) FA7B8B5DC976055B1E6C1C8882DBE116 {
   "url": "file:///home/automationtester/git/Selenium4/webPage/UI_Testing.htm"
}
[1637027676.073][DEBUG]: DevTools WebSocket Response: Page.navigate (id=19) FA7B8B5DC976055B1E6C1C8882DBE116 {
   "frameId": "FA7B8B5DC976055B1E6C1C8882DBE116",
   "loaderId": "45F9E7988D10D9B109CE5B0374067828"
}
[1637027676.073][DEBUG]: DevTools WebSocket Command: Runtime.evaluate (id=20) FA7B8B5DC976055B1E6C1C8882DBE116 {
   "expression": "document.URL"
}
[1637027676.082][DEBUG]: DevTools WebSocket Event: Runtime.executionContextsCleared FA7B8B5DC976055B1E6C1C8882DBE116 {

}
[1637027676.082][DEBUG]: DevTools WebSocket Event: Page.frameStartedLoading FA7B8B5DC976055B1E6C1C8882DBE116 {
   "frameId": "FA7B8B5DC976055B1E6C1C8882DBE116"
}
[1637027676.090][DEBUG]: DevTools WebSocket Event: Runtime.executionContextsCleared FA7B8B5DC976055B1E6C1C8882DBE116 {

}
[1637027676.091][DEBUG]: DevTools WebSocket Event: Page.frameNavigated FA7B8B5DC976055B1E6C1C8882DBE116 {
   "frame": {
      "adFrameStatus": {
         "adFrameType": "none"
      },
      "crossOriginIsolatedContextType": "NotIsolated",
      "domainAndRegistry": "",
      "gatedAPIFeatures": [  ],
      "id": "FA7B8B5DC976055B1E6C1C8882DBE116",
      "loaderId": "45F9E7988D10D9B109CE5B0374067828",
      "mimeType": "text/html",
      "secureContextType": "Secure",
      "securityOrigin": "file://",
      "url": "file:///home/automationtester/git/Selenium4/webPage/UI_Testing.htm"
   },
   "type": "Navigation"
}
[1637027676.091][DEBUG]: DevTools WebSocket Event: Runtime.executionContextCreated FA7B8B5DC976055B1E6C1C8882DBE116 {
   "context": {
      "auxData": {
         "frameId": "FA7B8B5DC976055B1E6C1C8882DBE116",
         "isDefault": true,
         "type": "default"
      },
      "id": 1,
      "name": "",
      "origin": "file://",
      "uniqueId": "8390547766611791760.2017936602891957496"
   }
}
[1637027676.091][DEBUG]: DevTools WebSocket Event: DOM.documentUpdated FA7B8B5DC976055B1E6C1C8882DBE116 {

}
[1637027676.091][DEBUG]: DevTools WebSocket Command: DOM.getDocument (id=21) FA7B8B5DC976055B1E6C1C8882DBE116 {

}
[1637027676.092][DEBUG]: DevTools WebSocket Response: Runtime.evaluate (id=20) FA7B8B5DC976055B1E6C1C8882DBE116 {
   "result": {
      "type": "string",
      "value": "file:///home/automationtester/git/Selenium4/webPage/UI_Testing.htm"
   }
}
[1637027676.092][INFO]: Waiting for pending navigations...
[1637027676.092][DEBUG]: DevTools WebSocket Command: Runtime.evaluate (id=22) FA7B8B5DC976055B1E6C1C8882DBE116 {
   "expression": "1"
}
[1637027676.094][DEBUG]: DevTools WebSocket Response: DOM.getDocument (id=21) FA7B8B5DC976055B1E6C1C8882DBE116 {
   "root": {
      "backendNodeId": 1,
      "baseURL": "file:///home/automationtester/git/Selenium4/webPage/UI_Testing.htm",
      "childNodeCount": 0,
      "children": [  ],
      "compatibilityMode": "NoQuirksMode",
      "documentURL": "file:///home/automationtester/git/Selenium4/webPage/UI_Testing.htm",
      "localName": "",
      "nodeId": 1,
      "nodeName": "#document",
      "nodeType": 9,
      "nodeValue": "",
      "xmlVersion": ""
   }
}
[1637027676.096][DEBUG]: DevTools WebSocket Event: DOM.childNodeInserted FA7B8B5DC976055B1E6C1C8882DBE116 {
   "node": {
      "backendNodeId": 2,
      "localName": "",
      "nodeId": 2,
      "nodeName": "html",
      "nodeType": 10,
      "nodeValue": "",
      "publicId": "",
      "systemId": ""
   },
   "parentNodeId": 1,
   "previousNodeId": 0
}
[1637027676.096][DEBUG]: DevTools WebSocket Event: DOM.childNodeInserted FA7B8B5DC976055B1E6C1C8882DBE116 {
   "node": {
      "attributes": [ "class", "v2", "dir", "ltr" ],
      "backendNodeId": 3,
      "childNodeCount": 0,
      "frameId": "FA7B8B5DC976055B1E6C1C8882DBE116",
      "localName": "html",
      "nodeId": 3,
      "nodeName": "HTML",
      "nodeType": 1,
      "nodeValue": ""
   },
   "parentNodeId": 1,
   "previousNodeId": 2
}
[1637027676.096][DEBUG]: DevTools WebSocket Event: DOM.childNodeCountUpdated FA7B8B5DC976055B1E6C1C8882DBE116 {
   "childNodeCount": 1,
   "nodeId": 3
}
[1637027676.096][DEBUG]: DevTools WebSocket Event: DOM.childNodeCountUpdated FA7B8B5DC976055B1E6C1C8882DBE116 {
   "childNodeCount": 2,
   "nodeId": 3
}
[1637027676.096][DEBUG]: DevTools WebSocket Response: Runtime.evaluate (id=22) FA7B8B5DC976055B1E6C1C8882DBE116 {
   "result": {
      "description": "1",
      "type": "number",
      "value": 1
   }
}
[1637027676.096][DEBUG]: DevTools WebSocket Event: Log.entryAdded FA7B8B5DC976055B1E6C1C8882DBE116 {
   "entry": {
      "level": "error",
      "networkRequestId": "12623.2",
      "source": "network",
      "text": "Failed to load resource: net::ERR_FILE_NOT_FOUND",
      "timestamp": 1.6370276760958308e+12,
      "url": "file:///home/automationtester/git/Selenium4/webPage/Only%20Testing%20%20TextBox_files/3213516723-css_bundle_v2.css"
   }
}
[1637027676.096][DEBUG]: DevTools WebSocket Command: Runtime.evaluate (id=23) FA7B8B5DC976055B1E6C1C8882DBE116 {
   "expression": "1"
}
[1637027676.097][DEBUG]: DevTools WebSocket Event: Log.entryAdded FA7B8B5DC976055B1E6C1C8882DBE116 {
   "entry": {
      "level": "error",
      "networkRequestId": "12623.3",
      "source": "network",
      "text": "Failed to load resource: net::ERR_FILE_NOT_FOUND",
      "timestamp": 1.63702767609621e+12,
      "url": "file:///home/automationtester/git/Selenium4/webPage/Only%20Testing%20%20TextBox_files/authorization.css"
   }
}
[1637027676.097][DEBUG]: DevTools WebSocket Event: Log.entryAdded FA7B8B5DC976055B1E6C1C8882DBE116 {
   "entry": {
      "level": "error",
      "networkRequestId": "12623.4",
      "source": "network",
      "text": "Failed to load resource: net::ERR_FILE_NOT_FOUND",
      "timestamp": 1.6370276760963499e+12,
      "url": "file:///home/automationtester/git/Selenium4/webPage/Only%20Testing%20%20TextBox_files/cbgapi.loaded_2"
   }
}
[1637027676.097][DEBUG]: DevTools WebSocket Event: Log.entryAdded FA7B8B5DC976055B1E6C1C8882DBE116 {
   "entry": {
      "level": "error",
      "networkRequestId": "12623.5",
      "source": "network",
      "text": "Failed to load resource: net::ERR_FILE_NOT_FOUND",
      "timestamp": 1.637027676096514e+12,
      "url": "file:///home/automationtester/git/Selenium4/webPage/Only%20Testing%20%20TextBox_files/lazy.js"
   }
}
[1637027676.097][DEBUG]: DevTools WebSocket Event: Log.entryAdded FA7B8B5DC976055B1E6C1C8882DBE116 {
   "entry": {
      "level": "error",
      "networkRequestId": "12623.6",
      "source": "network",
      "text": "Failed to load resource: net::ERR_FILE_NOT_FOUND",
      "timestamp": 1.637027676096617e+12,
      "url": "file:///home/automationtester/git/Selenium4/webPage/Only%20Testing%20%20TextBox_files/cbgapi.loaded_1"
   }
}
[1637027676.097][DEBUG]: DevTools WebSocket Event: Log.entryAdded FA7B8B5DC976055B1E6C1C8882DBE116 {
   "entry": {
      "level": "error",
      "networkRequestId": "12623.7",
      "source": "network",
      "text": "Failed to load resource: net::ERR_FILE_NOT_FOUND",
      "timestamp": 1.637027676096794e+12,
      "url": "file:///home/automationtester/git/Selenium4/webPage/Only%20Testing%20%20TextBox_files/cbgapi.loaded_0"
   }
}
[1637027676.158][DEBUG]: DevTools WebSocket Response: Runtime.evaluate (id=23) FA7B8B5DC976055B1E6C1C8882DBE116 {
   "result": {
      "description": "1",
      "type": "number",
      "value": 1
   }
}
[1637027676.170][DEBUG]: DevTools WebSocket Event: Page.loadEventFired FA7B8B5DC976055B1E6C1C8882DBE116 {
   "timestamp": 4002.178445
}
[1637027676.170][DEBUG]: DevTools WebSocket Command: Runtime.evaluate (id=24) FA7B8B5DC976055B1E6C1C8882DBE116 {
   "awaitPromise": false,
   "expression": "document.readyState",
   "returnByValue": true
}
[1637027676.170][DEBUG]: DevTools WebSocket Event: Page.frameStoppedLoading FA7B8B5DC976055B1E6C1C8882DBE116 {
   "frameId": "FA7B8B5DC976055B1E6C1C8882DBE116"
}
[1637027676.170][DEBUG]: DevTools WebSocket Event: DOM.documentUpdated FA7B8B5DC976055B1E6C1C8882DBE116 {

}
[1637027676.171][DEBUG]: DevTools WebSocket Command: DOM.getDocument (id=25) FA7B8B5DC976055B1E6C1C8882DBE116 {

}
[1637027676.171][DEBUG]: DevTools WebSocket Event: Page.domContentEventFired FA7B8B5DC976055B1E6C1C8882DBE116 {
   "timestamp": 4002.187959
}
[1637027676.172][DEBUG]: DevTools WebSocket Response: Runtime.evaluate (id=24) FA7B8B5DC976055B1E6C1C8882DBE116 {
   "result": {
      "type": "string",
      "value": "complete"
   }
}
[1637027676.172][DEBUG]: DevTools WebSocket Command: Runtime.evaluate (id=26) FA7B8B5DC976055B1E6C1C8882DBE116 {
   "expression": "1"
}
[1637027676.173][DEBUG]: DevTools WebSocket Response: DOM.getDocument (id=25) FA7B8B5DC976055B1E6C1C8882DBE116 {
   "root": {
      "backendNodeId": 1,
      "baseURL": "file:///home/automationtester/git/Selenium4/webPage/UI_Testing.htm",
      "childNodeCount": 2,
      "children": [ {
         "backendNodeId": 2,
         "localName": "",
         "nodeId": 5,
         "nodeName": "html",
         "nodeType": 10,
         "nodeValue": "",
         "parentId": 4,
         "publicId": "",
         "systemId": ""
      }, {
         "attributes": [ "class", "v2", "dir", "ltr" ],
         "backendNodeId": 3,
         "childNodeCount": 2,
         "children": [ {
            "attributes": [  ],
            "backendNodeId": 4,
            "childNodeCount": 26,
            "localName": "head",
            "nodeId": 7,
            "nodeName": "HEAD",
            "nodeType": 1,
            "nodeValue": "",
            "parentId": 6
         }, {
            "attributes": [ "class", " variant-simplysimple" ],
            "backendNodeId": 5,
            "childNodeCount": 3,
            "localName": "body",
            "nodeId": 8,
            "nodeName": "BODY",
            "nodeType": 1,
            "nodeValue": "",
            "parentId": 6
         } ],
         "frameId": "FA7B8B5DC976055B1E6C1C8882DBE116",
         "localName": "html",
         "nodeId": 6,
         "nodeName": "HTML",
         "nodeType": 1,
         "nodeValue": "",
         "parentId": 4
      } ],
      "compatibilityMode": "NoQuirksMode",
      "documentURL": "file:///home/automationtester/git/Selenium4/webPage/UI_Testing.htm",
      "localName": "",
      "nodeId": 4,
      "nodeName": "#document",
      "nodeType": 9,
      "nodeValue": "",
      "xmlVersion": ""
   }
}
[1637027676.174][DEBUG]: DevTools WebSocket Response: Runtime.evaluate (id=26) FA7B8B5DC976055B1E6C1C8882DBE116 {
   "result": {
      "description": "1",
      "type": "number",
      "value": 1
   }
}
[1637027676.174][INFO]: Done waiting for pending navigations. Status: ok
[1637027676.174][INFO]: [048d0fc86ffc651547e283d66e6bb1e3] RESPONSE Navigate
[1637027676.180][INFO]: [048d0fc86ffc651547e283d66e6bb1e3] COMMAND FindElement {
   "using": "css selector",
   "value": "#alertBtn"
}
[1637027676.180][INFO]: Waiting for pending navigations...
[1637027676.180][DEBUG]: DevTools WebSocket Command: Runtime.evaluate (id=27) FA7B8B5DC976055B1E6C1C8882DBE116 {
   "expression": "1"
}
[1637027676.181][DEBUG]: DevTools WebSocket Response: Runtime.evaluate (id=27) FA7B8B5DC976055B1E6C1C8882DBE116 {
   "result": {
      "description": "1",
      "type": "number",
      "value": 1
   }
}
[1637027676.181][INFO]: Done waiting for pending navigations. Status: ok
[1637027676.184][DEBUG]: DevTools WebSocket Command: Runtime.evaluate (id=28) FA7B8B5DC976055B1E6C1C8882DBE116 {
   "awaitPromise": true,
   "expression": "(function() { // Copyright (c) 2012 The Chromium Authors. All rights reserved.\n// Use of this source code is governed by a BSD-style license that can be\n// found in the LICENSE file.\n\n/**\n * Enum f...",
   "returnByValue": true
}
[1637027676.191][DEBUG]: DevTools WebSocket Response: Runtime.evaluate (id=28) FA7B8B5DC976055B1E6C1C8882DBE116 {
   "result": {
      "type": "object",
      "value": {
         "status": 0,
         "value": {
            "element-6066-11e4-a52e-4f735466cecf": "34cc104b-b333-445e-8cff-665506007af7"
         }
      }
   }
}
[1637027676.191][INFO]: Waiting for pending navigations...
[1637027676.191][DEBUG]: DevTools WebSocket Command: Runtime.evaluate (id=29) FA7B8B5DC976055B1E6C1C8882DBE116 {
   "expression": "1"
}
[1637027676.192][DEBUG]: DevTools WebSocket Response: Runtime.evaluate (id=29) FA7B8B5DC976055B1E6C1C8882DBE116 {
   "result": {
      "description": "1",
      "type": "number",
      "value": 1
   }
}
[1637027676.192][INFO]: Done waiting for pending navigations. Status: ok
[1637027676.192][INFO]: [048d0fc86ffc651547e283d66e6bb1e3] RESPONSE FindElement {
   "element-6066-11e4-a52e-4f735466cecf": "34cc104b-b333-445e-8cff-665506007af7"
}
[1637027676.199][INFO]: [048d0fc86ffc651547e283d66e6bb1e3] COMMAND ClickElement {
   "id": "34cc104b-b333-445e-8cff-665506007af7"
}
[1637027676.200][INFO]: Waiting for pending navigations...
[1637027676.200][DEBUG]: DevTools WebSocket Command: Runtime.evaluate (id=30) FA7B8B5DC976055B1E6C1C8882DBE116 {
   "expression": "1"
}
[1637027676.201][DEBUG]: DevTools WebSocket Response: Runtime.evaluate (id=30) FA7B8B5DC976055B1E6C1C8882DBE116 {
   "result": {
      "description": "1",
      "type": "number",
      "value": 1
   }
}
[1637027676.201][INFO]: Done waiting for pending navigations. Status: ok
[1637027676.202][DEBUG]: DevTools WebSocket Command: Runtime.evaluate (id=31) FA7B8B5DC976055B1E6C1C8882DBE116 {
   "awaitPromise": true,
   "expression": "(function() { // Copyright (c) 2012 The Chromium Authors. All rights reserved.\n// Use of this source code is governed by a BSD-style license that can be\n// found in the LICENSE file.\n\n/**\n * Enum f...",
   "returnByValue": true
}
[1637027676.203][DEBUG]: DevTools WebSocket Response: Runtime.evaluate (id=31) FA7B8B5DC976055B1E6C1C8882DBE116 {
   "result": {
      "type": "object",
      "value": {
         "status": 0,
         "value": "input"
      }
   }
}
[1637027676.205][DEBUG]: DevTools WebSocket Command: Runtime.evaluate (id=32) FA7B8B5DC976055B1E6C1C8882DBE116 {
   "awaitPromise": true,
   "expression": "(function() { // Copyright (c) 2012 The Chromium Authors. All rights reserved.\n// Use of this source code is governed by a BSD-style license that can be\n// found in the LICENSE file.\n\n/**\n * Enum f...",
   "returnByValue": true
}
[1637027676.211][DEBUG]: DevTools WebSocket Response: Runtime.evaluate (id=32) FA7B8B5DC976055B1E6C1C8882DBE116 {
   "result": {
      "type": "object",
      "value": {
         "status": 0,
         "value": "button"
      }
   }
}
[1637027676.212][DEBUG]: DevTools WebSocket Command: Runtime.evaluate (id=33) FA7B8B5DC976055B1E6C1C8882DBE116 {
   "awaitPromise": true,
   "expression": "(function() { // Copyright (c) 2012 The Chromium Authors. All rights reserved.\n// Use of this source code is governed by a BSD-style license that can be\n// found in the LICENSE file.\n\n/**\n * Enum f...",
   "returnByValue": true
}
[1637027676.213][DEBUG]: DevTools WebSocket Response: Runtime.evaluate (id=33) FA7B8B5DC976055B1E6C1C8882DBE116 {
   "result": {
      "type": "object",
      "value": {
         "status": 0,
         "value": "input"
      }
   }
}
[1637027676.214][DEBUG]: DevTools WebSocket Command: Runtime.evaluate (id=34) FA7B8B5DC976055B1E6C1C8882DBE116 {
   "awaitPromise": true,
   "expression": "(function() { // Copyright (c) 2012 The Chromium Authors. All rights reserved.\n// Use of this source code is governed by a BSD-style license that can be\n// found in the LICENSE file.\n\n/**\n * Enum f...",
   "returnByValue": true
}
[1637027676.220][DEBUG]: DevTools WebSocket Response: Runtime.evaluate (id=34) FA7B8B5DC976055B1E6C1C8882DBE116 {
   "result": {
      "type": "object",
      "value": {
         "status": 0,
         "value": true
      }
   }
}
[1637027676.220][DEBUG]: DevTools WebSocket Command: Runtime.evaluate (id=35) FA7B8B5DC976055B1E6C1C8882DBE116 {
   "awaitPromise": true,
   "expression": "(function() { // Copyright (c) 2012 The Chromium Authors. All rights reserved.\n// Use of this source code is governed by a BSD-style license that can be\n// found in the LICENSE file.\n\n/**\n * Enum f...",
   "returnByValue": true
}
[1637027676.222][DEBUG]: DevTools WebSocket Response: Runtime.evaluate (id=35) FA7B8B5DC976055B1E6C1C8882DBE116 {
   "result": {
      "type": "object",
      "value": {
         "status": 0,
         "value": {
            "height": 21,
            "left": 0,
            "top": 0,
            "width": 101.9375
         }
      }
   }
}
[1637027676.223][DEBUG]: DevTools WebSocket Command: Runtime.evaluate (id=36) FA7B8B5DC976055B1E6C1C8882DBE116 {
   "awaitPromise": true,
   "expression": "(function() { // Copyright (c) 2012 The Chromium Authors. All rights reserved.\n// Use of this source code is governed by a BSD-style license that can be\n// found in the LICENSE file.\n\n/**\n * Enum f...",
   "returnByValue": true
}
[1637027676.229][DEBUG]: DevTools WebSocket Response: Runtime.evaluate (id=36) FA7B8B5DC976055B1E6C1C8882DBE116 {
   "result": {
      "type": "object",
      "value": {
         "status": 0,
         "value": {
            "ceil": {

            },
            "clone": {

            },
            "floor": {

            },
            "round": {

            },
            "scale": {

            },
            "translate": {

            },
            "x": 60,
            "y": 564.96875
         }
      }
   }
}
[1637027676.230][DEBUG]: DevTools WebSocket Command: Runtime.evaluate (id=37) FA7B8B5DC976055B1E6C1C8882DBE116 {
   "awaitPromise": true,
   "expression": "(function() { // Copyright (c) 2012 The Chromium Authors. All rights reserved.\n// Use of this source code is governed by a BSD-style license that can be\n// found in the LICENSE file.\n\n/**\n * Enum f...",
   "returnByValue": true
}
[1637027676.233][DEBUG]: DevTools WebSocket Response: Runtime.evaluate (id=37) FA7B8B5DC976055B1E6C1C8882DBE116 {
   "result": {
      "type": "object",
      "value": {
         "status": 0,
         "value": {
            "clickable": true
         }
      }
   }
}
[1637027676.233][DEBUG]: DevTools WebSocket Command: Input.dispatchMouseEvent (id=38) FA7B8B5DC976055B1E6C1C8882DBE116 {
   "button": "none",
   "buttons": 0,
   "clickCount": 0,
   "force": 0.0,
   "modifiers": 0,
   "pointerType": "mouse",
   "tangentialPressure": 0.0,
   "tiltX": 0,
   "tiltY": 0,
   "twist": 0,
   "type": "mouseMoved",
   "x": 110,
   "y": 574
}
[1637027676.233][DEBUG]: DevTools WebSocket Command: Input.dispatchMouseEvent (id=39) FA7B8B5DC976055B1E6C1C8882DBE116 {
   "button": "left",
   "buttons": 0,
   "clickCount": 1,
   "force": 0.0,
   "modifiers": 0,
   "pointerType": "mouse",
   "tangentialPressure": 0.0,
   "tiltX": 0,
   "tiltY": 0,
   "twist": 0,
   "type": "mousePressed",
   "x": 110,
   "y": 574
}
[1637027676.234][DEBUG]: DevTools WebSocket Command: Input.dispatchMouseEvent (id=40) FA7B8B5DC976055B1E6C1C8882DBE116 {
   "button": "left",
   "buttons": 1,
   "clickCount": 1,
   "force": 0.0,
   "modifiers": 0,
   "pointerType": "mouse",
   "tangentialPressure": 0.0,
   "tiltX": 0,
   "tiltY": 0,
   "twist": 0,
   "type": "mouseReleased",
   "x": 110,
   "y": 574
}
[1637027676.234][DEBUG]: DevTools WebSocket Response: Input.dispatchMouseEvent (id=38) FA7B8B5DC976055B1E6C1C8882DBE116 {

}
[1637027676.235][DEBUG]: DevTools WebSocket Response: Input.dispatchMouseEvent (id=39) FA7B8B5DC976055B1E6C1C8882DBE116 {

}
[1637027676.235][DEBUG]: DevTools WebSocket Event: Page.javascriptDialogOpening FA7B8B5DC976055B1E6C1C8882DBE116 {
   "defaultPrompt": "",
   "hasBrowserHandler": false,
   "message": "Hi.. This is alert message!",
   "type": "alert",
   "url": "file:///home/automationtester/git/Selenium4/webPage/UI_Testing.htm"
}
[1637027676.235][DEBUG]: DevTools WebSocket Command: Inspector.enable (id=41) FA7B8B5DC976055B1E6C1C8882DBE116 {
   "purpose": "detect if alert blocked any cmds"
}
[1637027676.236][DEBUG]: DevTools WebSocket Response: Inspector.enable (id=41) FA7B8B5DC976055B1E6C1C8882DBE116 {

}
[1637027676.237][INFO]: Waiting for pending navigations...
[1637027676.238][INFO]: Done waiting for pending navigations. Status: unexpected alert open: {Alert text : Hi.. This is alert message!}
[1637027676.238][INFO]: [048d0fc86ffc651547e283d66e6bb1e3] RESPONSE ClickElement
[1637027676.243][INFO]: [048d0fc86ffc651547e283d66e6bb1e3] COMMAND GetAlertMessage {

}
[1637027676.243][INFO]: Waiting for pending navigations...
[1637027676.244][INFO]: Done waiting for pending navigations. Status: unexpected alert open: {Alert text : Hi.. This is alert message!}
[1637027676.244][INFO]: [048d0fc86ffc651547e283d66e6bb1e3] RESPONSE GetAlertMessage "Hi.. This is alert message!"
[1637027676.248][INFO]: [048d0fc86ffc651547e283d66e6bb1e3] COMMAND GetAlertMessage {

}
[1637027676.248][INFO]: Waiting for pending navigations...
[1637027676.249][INFO]: Done waiting for pending navigations. Status: unexpected alert open: {Alert text : Hi.. This is alert message!}
[1637027676.249][INFO]: [048d0fc86ffc651547e283d66e6bb1e3] RESPONSE GetAlertMessage "Hi.. This is alert message!"
[1637027678.254][INFO]: [048d0fc86ffc651547e283d66e6bb1e3] COMMAND AcceptAlert {

}
[1637027678.254][INFO]: Waiting for pending navigations...
[1637027678.255][INFO]: Done waiting for pending navigations. Status: unexpected alert open: {Alert text : Hi.. This is alert message!}
[1637027678.255][DEBUG]: DevTools WebSocket Command: Page.handleJavaScriptDialog (id=42) FA7B8B5DC976055B1E6C1C8882DBE116 {
   "accept": true,
   "promptText": ""
}
[1637027678.256][DEBUG]: DevTools WebSocket Event: Page.javascriptDialogClosed FA7B8B5DC976055B1E6C1C8882DBE116 {
   "result": true,
   "userInput": ""
}
[1637027678.256][DEBUG]: DevTools WebSocket Response: Page.handleJavaScriptDialog (id=42) FA7B8B5DC976055B1E6C1C8882DBE116 {

}
[1637027678.256][INFO]: [048d0fc86ffc651547e283d66e6bb1e3] RESPONSE AcceptAlert
[1637027680.262][INFO]: [048d0fc86ffc651547e283d66e6bb1e3] COMMAND CloseWindow {

}
[1637027680.262][DEBUG]: DevTools HTTP Request: http://localhost:35207/json/list
[1637027680.263][DEBUG]: DevTools HTTP Response: [ {
   "description": "",
   "devtoolsFrontendUrl": "/devtools/inspector.html?ws=localhost:35207/devtools/page/FA7B8B5DC976055B1E6C1C8882DBE116",
   "id": "FA7B8B5DC976055B1E6C1C8882DBE116",
   "title": "Only Testing: TextBox",
   "type": "page",
   "url": "file:///home/automationtester/git/Selenium4/webPage/UI_Testing.htm",
   "webSocketDebuggerUrl": "ws://localhost:35207/devtools/page/FA7B8B5DC976055B1E6C1C8882DBE116"
} ]

[1637027680.263][DEBUG]: DevTools WebSocket Response: Input.dispatchMouseEvent (id=40) FA7B8B5DC976055B1E6C1C8882DBE116 {

}
[1637027680.263][DEBUG]: DevTools HTTP Request: http://localhost:35207/json/close/FA7B8B5DC976055B1E6C1C8882DBE116
[1637027680.265][DEBUG]: DevTools HTTP Response: Target is closing
[1637027680.265][DEBUG]: DevTools HTTP Request: http://localhost:35207/json/list
[1637027680.266][DEBUG]: DevTools HTTP Response: [  ]

[1637027680.317][INFO]: [048d0fc86ffc651547e283d66e6bb1e3] RESPONSE CloseWindow [  ]
[1637027680.317][DEBUG]: Log type 'driver' lost 0 entries on destruction
[1637027680.317][DEBUG]: Log type 'browser' lost 6 entries on destruction
